<?xml version='1.0' encoding='UTF-8'?>
<testsuite hostname="DESKTOP-DLLBGPF" name="finagle.MainSpec" tests="1" errors="0" failures="0" skipped="0" time="0.0" timestamp="2019-06-13T17:08:21">
                     <properties>
[...]
</properties>
                     <testcase classname="finagle.MainSpec" name="should" time="0.0">
                                                 
                                               </testcase>
                     <system-out><![CDATA[]]></system-out>
                     <system-err><![CDATA[]]></system-err>
                   </testsuite>